<?xml version="1.0" encoding="UTF-8"?>
<testng-results ignored="0" total="1" passed="1" failed="0" skipped="0">
  <reporter-output>
  </reporter-output>
  <suite started-at="2026-07-26T00:51:23 IST" name="Broken Suite" finished-at="2026-07-26T00:51:42 IST" duration-ms="18852">
    <groups>
    </groups>
    <test started-at="2026-07-26T00:51:23 IST" name="Test" finished-at="2026-07-26T00:51:42 IST" duration-ms="18852">
      <class name="tests.BrokenLinks">
        <test-method signature="BrokenLinks()[pri:0, instance:tests.BrokenLinks@4d5d943d]" started-at="2026-07-26T00:51:23 IST" name="BrokenLinks" finished-at="2026-07-26T00:51:42 IST" duration-ms="18763" status="PASS">
          <reporter-output>
          </reporter-output>
        </test-method> <!-- BrokenLinks -->
      </class> <!-- tests.BrokenLinks -->
    </test> <!-- Test -->
  </suite> <!-- Broken Suite -->
</testng-results>
