<?xml version="1.0" encoding="UTF-8"?>
<testng-results ignored="0" total="2" passed="2" failed="0" skipped="0">
  <reporter-output>
  </reporter-output>
  <suite started-at="2026-07-26T00:57:50 IST" name="Broken Suite" finished-at="2026-07-26T00:58:25 IST" duration-ms="34902">
    <groups>
    </groups>
    <test started-at="2026-07-26T00:57:50 IST" name="Broken Links Test" finished-at="2026-07-26T00:58:07 IST" duration-ms="17210">
      <class name="tests.BrokenLinks">
        <test-method signature="BrokenLinks()[pri:0, instance:tests.BrokenLinks@4d5d943d]" started-at="2026-07-26T00:57:50 IST" name="BrokenLinks" finished-at="2026-07-26T00:58:07 IST" duration-ms="17133" status="PASS">
          <reporter-output>
          </reporter-output>
        </test-method> <!-- BrokenLinks -->
      </class> <!-- tests.BrokenLinks -->
    </test> <!-- Broken Links Test -->
    <test started-at="2026-07-26T00:58:07 IST" name="OTP Authentication Test" finished-at="2026-07-26T00:58:25 IST" duration-ms="17618">
      <class name="tests.OTPAuthentication">
        <test-method signature="OtpAuth()[pri:0, instance:tests.OTPAuthentication@62ddbd7e]" started-at="2026-07-26T00:58:07 IST" name="OtpAuth" finished-at="2026-07-26T00:58:25 IST" duration-ms="17613" status="PASS">
          <reporter-output>
          </reporter-output>
        </test-method> <!-- OtpAuth -->
      </class> <!-- tests.OTPAuthentication -->
    </test> <!-- OTP Authentication Test -->
  </suite> <!-- Broken Suite -->
</testng-results>
